"../../../../../../ue4project/Port_FPS/Content/Maps/LobyMap.uasset" 0
"../../../../../../ue4project/Port_FPS/Content/Maps/LobbyMap_BuiltData.uasset" 1
"../../../../../../ue4project/Port_FPS/Content/Maps/LobyMap_BuiltData.uasset" 2
"../../../Engine/Content/EditorBlueprintResources/ActorMacros.uasset" 3
"../../../../../../ue4project/Port_FPS/Content/MyMultiPlayer_CharacterBase.uasset" 4
"../../../../../../ue4project/Port_FPS/Content/Test.uasset" 5
"../../../Engine/Content/EngineMeshes/Humanoid.uasset" 6
"../../../../../../ue4project/Port_FPS/Content/AnimStarterPack/UE4_Mannequin/Mesh/UE4_Mannequin_Skeleton.uasset" 7
"../../../../../../ue4project/Port_FPS/Content/AnimStarterPack/Aim_Space_Hip.uasset" 8
"../../../../../../ue4project/Port_FPS/Content/AnimStarterPack/Aim_Space_Ironsights.uasset" 9
"../../../../../../ue4project/Port_FPS/Content/AnimStarterPack/Crouch_to_Stand_Rifle_Hip.uasset" 10
"../../../../../../ue4project/Port_FPS/Content/AnimStarterPack/Crouch_to_Stand_Rifle_Ironsights.uasset" 11
"../../../../../../ue4project/Port_FPS/Content/AnimStarterPack/Crouch_Walk_Bwd_Rifle_Ironsights.uasset" 12
"../../../../../../ue4project/Port_FPS/Content/AnimStarterPack/Crouch_Walk_Lt_Rifle_Ironsights.uasset" 13
"../../../../../../ue4project/Port_FPS/Content/AnimStarterPack/Crouch_Walk_Rt_Rifle_Ironsights.uasset" 14
"../../../../../../ue4project/Port_FPS/Content/AnimStarterPack/Death_1.uasset" 15
"../../../../../../ue4project/Port_FPS/Content/AnimStarterPack/Death_2.uasset" 16
"../../../../../../ue4project/Port_FPS/Content/AnimStarterPack/Death_3.uasset" 17
"../../../../../../ue4project/Port_FPS/Content/AnimStarterPack/Death_Ironsights_1.uasset" 18
"../../../../../../ue4project/Port_FPS/Content/AnimStarterPack/Death_Ironsights_2.uasset" 19
"../../../../../../ue4project/Port_FPS/Content/AnimStarterPack/Equip_Rifle_Standing.uasset" 20
"../../../../../../ue4project/Port_FPS/Content/AnimStarterPack/Fire_Rifle_Hip.uasset" 21
"../../../../../../ue4project/Port_FPS/Content/AnimStarterPack/Fire_Shotgun_Hip.uasset" 22
"../../../../../../ue4project/Port_FPS/Content/AnimStarterPack/Fire_Shotgun_Ironsights.uasset" 23
"../../../../../../ue4project/Port_FPS/Content/AnimStarterPack/Hit_React_4.uasset" 24
"../../../../../../ue4project/Port_FPS/Content/AnimStarterPack/Idle_Pistol.uasset" 25
"../../../../../../ue4project/Port_FPS/Content/AnimStarterPack/Idle_Rifle_Ironsights.uasset" 26
"../../../../../../ue4project/Port_FPS/Content/AnimStarterPack/Jump_From_Stand_Ironsights.uasset" 27
"../../../../../../ue4project/Port_FPS/Content/AnimStarterPack/Prone_Death_1.uasset" 28
"../../../../../../ue4project/Port_FPS/Content/AnimStarterPack/Prone_Death_2.uasset" 29
"../../../../../../ue4project/Port_FPS/Content/AnimStarterPack/Prone_Fire_1.uasset" 30
"../../../../../../ue4project/Port_FPS/Content/AnimStarterPack/Prone_Fire_2.uasset" 31
"../../../../../../ue4project/Port_FPS/Content/AnimStarterPack/Prone_Idle.uasset" 32
"../../../../../../ue4project/Port_FPS/Content/AnimStarterPack/Prone_Reload_Rifle.uasset" 33
"../../../../../../ue4project/Port_FPS/Content/AnimStarterPack/Prone_Reload_Shotgun.uasset" 34
"../../../../../../ue4project/Port_FPS/Content/AnimStarterPack/Prone_To_Stand.uasset" 35
"../../../../../../ue4project/Port_FPS/Content/AnimStarterPack/Reload_Pistol.uasset" 36
"../../../../../../ue4project/Port_FPS/Content/AnimStarterPack/Reload_Rifle_Ironsights.uasset" 37
"../../../../../../ue4project/Port_FPS/Content/AnimStarterPack/Reload_Shotgun_Hip.uasset" 38
"../../../../../../ue4project/Port_FPS/Content/AnimStarterPack/Reload_Shotgun_Ironsights.uasset" 39
"../../../../../../ue4project/Port_FPS/Content/AnimStarterPack/Sprint_Fwd_Rifle.uasset" 40
"../../../../../../ue4project/Port_FPS/Content/AnimStarterPack/Stand_to_Crouch_Rifle_Hip.uasset" 41
"../../../../../../ue4project/Port_FPS/Content/AnimStarterPack/Stand_to_Crouch_Rifle_Ironsights.uasset" 42
"../../../../../../ue4project/Port_FPS/Content/AnimStarterPack/Stand_To_Prone.uasset" 43
"../../../../../../ue4project/Port_FPS/Content/AnimStarterPack/Walk_Bwd_Rifle_Ironsights.uasset" 44
"../../../../../../ue4project/Port_FPS/Content/AnimStarterPack/Walk_Lt_Rifle_Ironsights.uasset" 45
"../../../../../../ue4project/Port_FPS/Content/AnimStarterPack/Walk_Rt_Rifle_Ironsights.uasset" 46
"../../../Engine/Content/Functions/Engine_MaterialFunctions02/Utility/BlendAngleCorrectedNormals.uasset" 47
"../../../Engine/Content/Functions/MaterialLayerFunctions/MatLayerBlend_NormalBlend.uasset" 48
"../../../Engine/Content/Functions/MaterialLayerFunctions/MatLayerBlend_Simple.uasset" 49
"../../../../../../ue4project/Port_FPS/Content/FirstPerson/Character/Materials/MaterialLayers/T_ML_Rubber_Blue_01_D.uasset" 50
"../../../../../../ue4project/Port_FPS/Content/FirstPerson/Character/Materials/MaterialLayers/T_ML_Rubber_Blue_01_N.uasset" 51
"../../../../../../ue4project/Port_FPS/Content/FirstPerson/Character/Materials/MaterialLayers/ML_GlossyBlack_Latex_UE4.uasset" 52
"../../../../../../ue4project/Port_FPS/Content/FirstPerson/Character/Materials/MaterialLayers/ML_Plastic_Shiny_Beige.uasset" 53
"../../../../../../ue4project/Port_FPS/Content/FirstPerson/Character/Textures/UE4_LOGO_CARD.uasset" 54
"../../../../../../ue4project/Port_FPS/Content/FirstPerson/Character/Materials/MaterialLayers/ML_Plastic_Shiny_Beige_LOGO.uasset" 55
"../../../../../../ue4project/Port_FPS/Content/FirstPerson/Character/Materials/MaterialLayers/T_ML_Aluminum01.uasset" 56
"../../../../../../ue4project/Port_FPS/Content/FirstPerson/Character/Materials/MaterialLayers/T_ML_Aluminum01_N.uasset" 57
"../../../../../../ue4project/Port_FPS/Content/FirstPerson/Character/Materials/MaterialLayers/ML_SoftMetal_UE4.uasset" 58
"../../../../../../ue4project/Port_FPS/Content/FirstPerson/Character/Textures/UE4_Mannequin__normals.uasset" 59
"../../../../../../ue4project/Port_FPS/Content/FirstPerson/Character/Textures/UE4_Mannequin_MAT_MASKA.uasset" 60
"../../../../../../ue4project/Port_FPS/Content/FirstPerson/Character/Materials/M_UE4Man_Body_Blue.uasset" 61
"../../../../../../ue4project/Port_FPS/Content/FirstPerson/Character/Materials/M_UE4Man_Body_Red.uasset" 62
"../../../../../../ue4project/Port_FPS/Content/FirstPerson/Character/Mesh/SK_Mannequin_Arms_Skeleton.uasset" 63
"../../../../../../ue4project/Port_FPS/Content/FirstPerson/Animations/FirstPerson_Idle.uasset" 64
"../../../../../../ue4project/Port_FPS/Content/FirstPerson/Animations/FirstPerson_JumpEnd.uasset" 65
"../../../../../../ue4project/Port_FPS/Content/FirstPerson/Animations/FirstPerson_JumpLoop.uasset" 66
"../../../../../../ue4project/Port_FPS/Content/FirstPerson/Animations/FirstPerson_JumpStart.uasset" 67
"../../../../../../ue4project/Port_FPS/Content/FirstPerson/Animations/FirstPerson_Run.uasset" 68
"../../../Engine/Content/EditorBlueprintResources/StandardMacros.uasset" 69
"../../../../../../ue4project/Port_FPS/Content/FirstPerson/Animations/FirstPerson_AnimBP.uasset" 70
"../../../../../../ue4project/Port_FPS/Content/FirstPerson/Character/Mesh/FirstPersonAnimBlueprint_Copy.uasset" 71
"../../../../../../ue4project/Port_FPS/Content/FirstPerson/FPWeapon/Materials/MaterialLayers/ML_Plastic_Shiny_Beige_LOGO.uasset" 72
"../../../../../../ue4project/Port_FPS/Content/FirstPerson/FPWeapon/Materials/MaterialLayers/T_ML_FineRubber.uasset" 73
"../../../../../../ue4project/Port_FPS/Content/FirstPerson/FPWeapon/Mesh/SK_FPGun_PhysicsAsset.uasset" 74
"../../../../../../ue4project/Port_FPS/Content/FirstPerson/Textures/FirstPersonCrosshair.uasset" 75
"../../../../../../ue4project/Port_FPS/Content/FirstPerson/Animations/FirstPerson_Fire.uasset" 76
"../../../../../../ue4project/Port_FPS/Content/FirstPerson/Animations/FirstPersonFire_Montage.uasset" 77
"../../../../../../ue4project/Port_FPS/Content/FirstPerson/Meshes/BaseMaterial.uasset" 78
"../../../../../../ue4project/Port_FPS/Content/FirstPerson/Meshes/FirstPersonProjectileMaterial.uasset" 79
"../../../../../../ue4project/Port_FPS/Content/FirstPerson/Meshes/FirstPersonProjectileMesh.uasset" 80
"../../../../../../ue4project/Port_FPS/Content/FirstPersonCPP/Blueprints/FirstPersonProjectile.uasset" 81
"../../../../../../ue4project/Port_FPS/Content/FirstPerson/Audio/FirstPersonTemplateWeaponFire02.uasset" 82
"../../../../../../ue4project/Port_FPS/Content/FirstPerson/Character/Materials/M_UE4Man_Body.uasset" 83
"../../../../../../ue4project/Port_FPS/Content/FirstPerson/Character/Mesh/SK_Mannequin_Arms_PhysicsAsset.uasset" 84
"../../../../../../ue4project/Port_FPS/Content/FirstPerson/Character/Mesh/SK_Mannequin_Arms.uasset" 85
"../../../../../../ue4project/Port_FPS/Content/FirstPerson/FPWeapon/Materials/MaterialLayers/T_ML_Rubber_Blue_01_D.uasset" 86
"../../../../../../ue4project/Port_FPS/Content/FirstPerson/FPWeapon/Materials/MaterialLayers/T_ML_Rubber_Blue_01_N.uasset" 87
"../../../../../../ue4project/Port_FPS/Content/FirstPerson/FPWeapon/Materials/MaterialLayers/ML_GlossyBlack_Latex_UE4.uasset" 88
"../../../../../../ue4project/Port_FPS/Content/FirstPerson/FPWeapon/Materials/MaterialLayers/ML_Plastic_Shiny_Beige.uasset" 89
"../../../../../../ue4project/Port_FPS/Content/FirstPerson/FPWeapon/Materials/MaterialLayers/ML_Screen.uasset" 90
"../../../../../../ue4project/Port_FPS/Content/FirstPerson/FPWeapon/Materials/MaterialLayers/T_ML_Aluminum01.uasset" 91
"../../../../../../ue4project/Port_FPS/Content/FirstPerson/FPWeapon/Materials/MaterialLayers/T_ML_Aluminum01_N.uasset" 92
"../../../../../../ue4project/Port_FPS/Content/FirstPerson/FPWeapon/Materials/MaterialLayers/ML_SoftMetal_UE4.uasset" 93
"../../../../../../ue4project/Port_FPS/Content/FirstPerson/FPWeapon/Textures/T_FPGun_M.uasset" 94
"../../../../../../ue4project/Port_FPS/Content/FirstPerson/FPWeapon/Textures/T_FPGun_N.uasset" 95
"../../../../../../ue4project/Port_FPS/Content/FirstPerson/FPWeapon/Materials/M_FPGun.uasset" 96
"../../../../../../ue4project/Port_FPS/Content/FirstPerson/FPWeapon/Mesh/SK_FPGun_Skeleton.uasset" 97
"../../../../../../ue4project/Port_FPS/Content/FirstPerson/FPWeapon/Mesh/SK_FPGun.uasset" 98
"../../../../../../ue4project/Port_FPS/Content/FirstPersonCPP/Blueprints/FirstPersonCharacter.uasset" 99
"../../../../../../ue4project/Port_FPS/Content/Mannequin/Character/Mesh/UE4_Mannequin_Skeleton.uasset" 100
"../../../../../../ue4project/Port_FPS/Content/Mannequin/Animations/ThirdPersonJump_End.uasset" 101
"../../../Engine/Content/Animation/DefaultAnimBoneCompressionSettings.uasset" 102
"../../../../../../ue4project/Port_FPS/Content/Player/Animation/Body/ALS_N_Sprint_F.uasset" 103
"../../../../../../ue4project/Port_FPS/Content/Player/Animation/Body/Aim/Player_Base_Idle_Base.uasset" 104
"../../../../../../ue4project/Port_FPS/Content/Player/Animation/Body/Aim/Player_Base_Aim_Center.uasset" 105
"../../../Engine/Content/Animation/DefaultRecorderBoneCompression.uasset" 106
"../../../../../../ue4project/Port_FPS/Content/Player/Animation/Body/Aim/Player_Base_Aim_Down.uasset" 107
"../../../../../../ue4project/Port_FPS/Content/Player/Animation/Body/Aim/Player_Base_Aim_Up2.uasset" 108
"../../../../../../ue4project/Port_FPS/Content/Player/Animation/Body/Aim/Player_Base_AimOffset.uasset" 109
"../../../../../../ue4project/Port_FPS/Content/Player/Animation/Body/Aim/Idle_Rifle_Ironsights.uasset" 110
"../../../../../../ue4project/Port_FPS/Content/Player/Animation/Body/Fall/ALS_N_FallLoop.uasset" 111
"../../../../../../ue4project/Port_FPS/Content/Player/Animation/Body/Fall/ALS_N_Land_Light.uasset" 112
"../../../../../../ue4project/Port_FPS/Content/Player/Animation/Body/Walk/ALS_N_Walk_B.uasset" 113
"../../../../../../ue4project/Port_FPS/Content/Player/Animation/Body/Walk/ALS_N_Walk_F.uasset" 114
"../../../../../../ue4project/Port_FPS/Content/Player/Animation/Body/Walk/ALS_N_Walk_LF.uasset" 115
"../../../../../../ue4project/Port_FPS/Content/Player/Animation/Body/Walk/ALS_N_Walk_RF.uasset" 116
"../../../../../../ue4project/Port_FPS/Content/Player/Animation/Body/Walk/Player_Base_Walk_Blend.uasset" 117
"../../../../../../ue4project/Port_FPS/Content/Player/Animation/Body/Walk/Player_Base_Walk_Dir_Blend.uasset" 118
"../../../../../../ue4project/Port_FPS/Content/Player/Animation/Body/PlayerBody_AnimBP.uasset" 119
"../../../../../../ue4project/Port_FPS/Content/Player/Animation/Body/Aim/Aim_Space_Ironsights.uasset" 120
"../../../../../../ue4project/Port_FPS/Content/Player/Animation/Body/Aim/Player_Base_Aim_Up.uasset" 121
"../../../../../../ue4project/Port_FPS/Content/Player/Animation/Body/Aim/Player_Base_Aim_UpDown.uasset" 122
"../../../../../../ue4project/Port_FPS/Content/Player/Animation/Body/Fall/ALS_N_JumpWalk_LF.uasset" 123
"../../../../../../ue4project/Port_FPS/Content/StarterContent/Materials/M_Basic_Wall.uasset" 124
"../../../../../../ue4project/Port_FPS/Content/StarterContent/Architecture/Pillar_50x500.uasset" 125
"../../../../../../ue4project/Port_FPS/Content/StarterContent/Architecture/Wall_400x300.uasset" 126
"../../../../../../ue4project/Port_FPS/Content/StarterContent/Architecture/Wall_400x400.uasset" 127
"../../../../../../ue4project/Port_FPS/Content/StarterContent/Architecture/Wall_500x500.uasset" 128
"../../../../../../ue4project/Port_FPS/Content/StarterContent/Architecture/Wall_Door_400x400.uasset" 129
"../../../../../../ue4project/Port_FPS/Content/StarterContent/Architecture/Wall_Window_400x400.uasset" 130
"../../../../../../ue4project/Port_FPS/Content/StarterContent/Audio/Collapse01.uasset" 131
"../../../../../../ue4project/Port_FPS/Content/StarterContent/Audio/Collapse02.uasset" 132
"../../../../../../ue4project/Port_FPS/Content/StarterContent/Audio/Explosion01.uasset" 133
"../../../../../../ue4project/Port_FPS/Content/StarterContent/Audio/Explosion02.uasset" 134
"../../../../../../ue4project/Port_FPS/Content/StarterContent/Audio/Fire01.uasset" 135
"../../../../../../ue4project/Port_FPS/Content/StarterContent/Audio/Fire_Sparks01.uasset" 136
"../../../../../../ue4project/Port_FPS/Content/StarterContent/Audio/Light01.uasset" 137
"../../../../../../ue4project/Port_FPS/Content/StarterContent/Audio/Light01_Cue.uasset" 138
"../../../../../../ue4project/Port_FPS/Content/StarterContent/Audio/Light02.uasset" 139
"../../../../../../ue4project/Port_FPS/Content/StarterContent/Audio/Light02_Cue.uasset" 140
"../../../../../../ue4project/Port_FPS/Content/StarterContent/Audio/Smoke01.uasset" 141
"../../../../../../ue4project/Port_FPS/Content/StarterContent/Audio/Starter_Birds01.uasset" 142
"../../../../../../ue4project/Port_FPS/Content/StarterContent/Audio/Starter_Music01.uasset" 143
"../../../../../../ue4project/Port_FPS/Content/StarterContent/Audio/Starter_Wind05.uasset" 144
"../../../../../../ue4project/Port_FPS/Content/StarterContent/Audio/Starter_Wind06.uasset" 145
"../../../../../../ue4project/Port_FPS/Content/StarterContent/Audio/Steam01.uasset" 146
"../../../../../../ue4project/Port_FPS/Content/StarterContent/Audio/Explosion_Cue.uasset" 147
"../../../../../../ue4project/Port_FPS/Content/StarterContent/Textures/T_Burst_M.uasset" 148
"../../../../../../ue4project/Port_FPS/Content/StarterContent/Particles/Materials/M_Burst.uasset" 149
"../../../../../../ue4project/Port_FPS/Content/StarterContent/Textures/T_Explosion_SubUV.uasset" 150
"../../../../../../ue4project/Port_FPS/Content/StarterContent/Particles/Materials/M_explosion_subUV.uasset" 151
"../../../../../../ue4project/Port_FPS/Content/StarterContent/Particles/Materials/m_flare_01.uasset" 152
"../../../Engine/Content/Functions/Engine_MaterialFunctions01/Gradient/RadialGradient.uasset" 153
"../../../../../../ue4project/Port_FPS/Content/StarterContent/Particles/Materials/M_radial_ramp.uasset" 154
"../../../../../../ue4project/Port_FPS/Content/StarterContent/Textures/T_Smoke_SubUV.uasset" 155
"../../../../../../ue4project/Port_FPS/Content/StarterContent/Textures/T_Smoke_Tiled_D.uasset" 156
"../../../../../../ue4project/Port_FPS/Content/StarterContent/Particles/Materials/M_smoke_subUV.uasset" 157
"../../../../../../ue4project/Port_FPS/Content/StarterContent/Particles/P_Explosion.uasset" 158
"../../../../../../ue4project/Port_FPS/Content/StarterContent/Blueprints/Blueprint_Effect_Explosion.uasset" 159
"../../../Engine/Content/EditorMeshes/ColorCalibrator/T_ColorGrid.uasset" 160
"../../../../../../ue4project/Port_FPS/Content/StarterContent/Materials/M_ColorGrid_LowSpec.uasset" 161
"../../../../../../ue4project/Port_FPS/Content/StarterContent/Textures/T_Bush_D.uasset" 162
"../../../../../../ue4project/Port_FPS/Content/StarterContent/Textures/T_Bush_N.uasset" 163
"../../../../../../ue4project/Port_FPS/Content/StarterContent/Props/Materials/M_Bush.uasset" 164
"../../../../../../ue4project/Port_FPS/Content/StarterContent/Props/SM_Bush.uasset" 165
"../../../../../../ue4project/Port_FPS/Content/StarterContent/Textures/T_Chair_M.uasset" 166
"../../../../../../ue4project/Port_FPS/Content/StarterContent/Textures/T_Chair_N.uasset" 167
"../../../../../../ue4project/Port_FPS/Content/StarterContent/Props/Materials/M_Chair.uasset" 168
"../../../../../../ue4project/Port_FPS/Content/StarterContent/Props/SM_Couch.uasset" 169
"../../../../../../ue4project/Port_FPS/Content/StarterContent/Materials/M_Glass.uasset" 170
"../../../../../../ue4project/Port_FPS/Content/StarterContent/Textures/T_Door_M.uasset" 171
"../../../../../../ue4project/Port_FPS/Content/StarterContent/Textures/T_Door_N.uasset" 172
"../../../../../../ue4project/Port_FPS/Content/StarterContent/Props/Materials/M_Door.uasset" 173
"../../../../../../ue4project/Port_FPS/Content/StarterContent/Props/SM_Door.uasset" 174
"../../../../../../ue4project/Port_FPS/Content/StarterContent/Props/Materials/M_MaterialSphere.uasset" 175
"../../../../../../ue4project/Port_FPS/Content/StarterContent/Props/Materials/M_MaterialSphere_Plain.uasset" 176
"../../../../../../ue4project/Port_FPS/Content/StarterContent/Props/SM_MatPreviewMesh_02.uasset" 177
"../../../../../../ue4project/Port_FPS/Content/StarterContent/Textures/T_Detail_Rocky_N.uasset" 178
"../../../../../../ue4project/Port_FPS/Content/StarterContent/Textures/T_Rock_Basalt_D.uasset" 179
"../../../../../../ue4project/Port_FPS/Content/StarterContent/Textures/T_RockMesh_M.uasset" 180
"../../../../../../ue4project/Port_FPS/Content/StarterContent/Textures/T_RockMesh_N.uasset" 181
"../../../../../../ue4project/Port_FPS/Content/StarterContent/Props/Materials/M_Rock.uasset" 182
"../../../../../../ue4project/Port_FPS/Content/StarterContent/Props/SM_Rock.uasset" 183
"../../../../../../ue4project/Port_FPS/Content/StarterContent/Textures/T_Shelf_M.uasset" 184
"../../../../../../ue4project/Port_FPS/Content/StarterContent/Textures/T_Shelf_N.uasset" 185
"../../../../../../ue4project/Port_FPS/Content/StarterContent/Props/Materials/M_Shelf.uasset" 186
"../../../../../../ue4project/Port_FPS/Content/StarterContent/Props/SM_Shelf.uasset" 187
"../../../../../../ue4project/Port_FPS/Content/StarterContent/Materials/M_Basic_Floor.uasset" 188
"../../../../../../ue4project/Port_FPS/Content/StarterContent/Props/SM_Stairs.uasset" 189
"../../../../../../ue4project/Port_FPS/Content/StarterContent/Shapes/Shape_Cone.uasset" 190
"../../../../../../ue4project/Port_FPS/Content/StarterContent/Shapes/Shape_Cylinder.uasset" 191
"../../../../../../ue4project/Port_FPS/Content/StarterContent/Shapes/Shape_NarrowCapsule.uasset" 192
"../../../../../../ue4project/Port_FPS/Content/StarterContent/Shapes/Shape_Pipe.uasset" 193
"../../../../../../ue4project/Port_FPS/Content/StarterContent/Shapes/Shape_Pipe_180.uasset" 194
"../../../../../../ue4project/Port_FPS/Content/StarterContent/Shapes/Shape_Pipe_90.uasset" 195
"../../../../../../ue4project/Port_FPS/Content/StarterContent/Shapes/Shape_Plane.uasset" 196
"../../../../../../ue4project/Port_FPS/Content/StarterContent/Shapes/Shape_Torus.uasset" 197
"../../../../../../ue4project/Port_FPS/Content/StarterContent/Shapes/Shape_Trim.uasset" 198
"../../../../../../ue4project/Port_FPS/Content/StarterContent/Shapes/Shape_Trim_90_In.uasset" 199
"../../../../../../ue4project/Port_FPS/Content/StarterContent/Shapes/Shape_Trim_90_Out.uasset" 200
"../../../../../../ue4project/Port_FPS/Content/StarterContent/Shapes/Shape_TriPyramid.uasset" 201
"../../../../../../ue4project/Port_FPS/Content/StarterContent/Shapes/Shape_Tube.uasset" 202
"../../../../../../ue4project/Port_FPS/Content/StarterContent/Shapes/Shape_Wedge_A.uasset" 203
"../../../../../../ue4project/Port_FPS/Content/StarterContent/Shapes/Shape_Wedge_B.uasset" 204
"../../../../../../ue4project/Port_FPS/Content/StarterContent/Shapes/Shape_WideCapsule.uasset" 205
"../../../../../../ue4project/Port_FPS/Content/ThirdPersonBP/ThirdPersonOverview.uasset" 206
"../../../../../../ue4project/Port_FPS/Content/Mannequin/Animations/ThirdPerson_Jump.uasset" 207
"../../../../../../ue4project/Port_FPS/Content/Mannequin/Animations/ThirdPersonJump_Loop.uasset" 208
"../../../../../../ue4project/Port_FPS/Content/Mannequin/Animations/ThirdPersonJump_Start.uasset" 209
"../../../../../../ue4project/Port_FPS/Content/Mannequin/Animations/ThirdPersonIdle.uasset" 210
"../../../../../../ue4project/Port_FPS/Content/Mannequin/Animations/ThirdPersonRun.uasset" 211
"../../../../../../ue4project/Port_FPS/Content/Mannequin/Animations/ThirdPersonWalk.uasset" 212
"../../../../../../ue4project/Port_FPS/Content/Mannequin/Animations/ThirdPerson_IdleRun_2D.uasset" 213
"../../../../../../ue4project/Port_FPS/Content/Mannequin/Animations/ThirdPerson_AnimBP.uasset" 214
"../../../../../../ue4project/Port_FPS/Content/Mannequin/Character/Materials/MaterialLayers/T_ML_Rubber_Blue_01_D.uasset" 215
"../../../../../../ue4project/Port_FPS/Content/Mannequin/Character/Materials/MaterialLayers/T_ML_Rubber_Blue_01_N.uasset" 216
"../../../../../../ue4project/Port_FPS/Content/Mannequin/Character/Materials/MaterialLayers/ML_GlossyBlack_Latex_UE4.uasset" 217
"../../../../../../ue4project/Port_FPS/Content/Mannequin/Character/Materials/MaterialLayers/ML_Plastic_Shiny_Beige.uasset" 218
"../../../../../../ue4project/Port_FPS/Content/Mannequin/Character/Textures/UE4_LOGO_CARD.uasset" 219
"../../../../../../ue4project/Port_FPS/Content/Mannequin/Character/Materials/MaterialLayers/ML_Plastic_Shiny_Beige_LOGO.uasset" 220
"../../../../../../ue4project/Port_FPS/Content/Mannequin/Character/Materials/MaterialLayers/T_ML_Aluminum01.uasset" 221
"../../../../../../ue4project/Port_FPS/Content/Mannequin/Character/Materials/MaterialLayers/T_ML_Aluminum01_N.uasset" 222
"../../../../../../ue4project/Port_FPS/Content/Mannequin/Character/Materials/MaterialLayers/ML_SoftMetal_UE4.uasset" 223
"../../../../../../ue4project/Port_FPS/Content/Mannequin/Character/Textures/UE4_Mannequin__normals.uasset" 224
"../../../../../../ue4project/Port_FPS/Content/Mannequin/Character/Textures/UE4_Mannequin_MAT_MASKA.uasset" 225
"../../../../../../ue4project/Port_FPS/Content/Mannequin/Character/Materials/M_UE4Man_Body.uasset" 226
"../../../../../../ue4project/Port_FPS/Content/Mannequin/Character/Textures/UE4Man_Logo_N.uasset" 227
"../../../../../../ue4project/Port_FPS/Content/Mannequin/Character/Materials/M_UE4Man_ChestLogo.uasset" 228
"../../../../../../ue4project/Port_FPS/Content/Mannequin/Character/Mesh/SK_Mannequin_PhysicsAsset.uasset" 229
"../../../../../../ue4project/Port_FPS/Content/Mannequin/Character/Mesh/SK_Mannequin.uasset" 230
"../../../../../../ue4project/Port_FPS/Content/ThirdPersonBP/Blueprints/ThirdPersonCharacter.uasset" 231
"../../../../../../ue4project/Port_FPS/Content/ThirdPersonBP/Blueprints/ThirdPersonGameMode.uasset" 232
"../../../../../../ue4project/Port_FPS/Content/UI/Levels/ChatText.uasset" 233
"../../../../../../ue4project/Port_FPS/Content/UI/Levels/ChatWindow.uasset" 234
"../../../../../../ue4project/Port_FPS/Content/UI/Levels/GamePlayChat.uasset" 235
"../../../../../../ue4project/Port_FPS/Content/UI/Levels/LoadingScreen.uasset" 236
"../../../../../../ue4project/Port_FPS/Content/UI/Loby/CharacterSelected.uasset" 237
"../../../../../../ue4project/Port_FPS/Content/UI/Loby/ConnectedPlayer.uasset" 238
"../../../../../../ue4project/Port_FPS/Content/UI/Loby/GameSettings.uasset" 239
"../../../../../../ue4project/Port_FPS/Content/UI/Loby/LobyMenu.uasset" 240
"../../../../../../ue4project/Port_FPS/Content/UI/Loby/PlayerButton.uasset" 241
"../../../../../../ue4project/Port_FPS/Content/UI/MainMenu/ErrorDialog.uasset" 242
"../../../../../../ue4project/Port_FPS/Content/UI/MainMenu/HostMenu.uasset" 243
"../../../../../../ue4project/Port_FPS/Content/UI/MainMenu/MainMenu.uasset" 244
"../../../../../../ue4project/Port_FPS/Content/StarterContent/Textures/T_Brick_Cut_Stone_D.uasset" 245
"../../../../../../ue4project/Port_FPS/Content/StarterContent/Textures/T_Wood_Oak_D.uasset" 246
"../../../../../../ue4project/Port_FPS/Content/UI/MainMenu/OptionsMenu.uasset" 247
"../../../../../../ue4project/Port_FPS/Content/UI/MainMenu/ServerMenu.uasset" 248
"../../../Engine/Content/Animation/DefaultAnimCurveCompressionSettings.uasset" 249
"../../../Engine/Content/Functions/Engine_MaterialFunctions01/Opacity/CameraDepthFade.uasset" 250
"../../../Engine/Content/EngineMaterials/T_Default_Material_Grid_M.uasset" 251
"../../../Engine/Content/EngineMaterials/T_Default_Material_Grid_N.uasset" 252
"../../../Engine/Content/EngineMaterials/WorldGridMaterial.uasset" 253
"../../../Engine/Content/ArtTools/RenderToTexture/Meshes/S_1_Unit_Plane.uasset" 254
"../../../Engine/Content/EngineMaterials/DefaultMaterial.uasset" 255
"../../../Engine/Content/BasicShapes/Cone.uasset" 256
"../../../Engine/Content/BasicShapes/Cube.uasset" 257
"../../../Engine/Content/BasicShapes/Cylinder.uasset" 258
"../../../Engine/Content/BasicShapes/Plane.uasset" 259
"../../../Engine/Content/BasicShapes/Sphere.uasset" 260
"../../../Engine/Content/EditorLandscapeResources/DataLayer.uasset" 261
"../../../Engine/Content/EditorMaterials/MAT_Groups_Toggle.uasset" 262
"../../../Engine/Content/EditorMaterials/MAT_Groups_Visibility.uasset" 263
"../../../Engine/Content/EditorMaterials/PreviewShadowIndicator.uasset" 264
"../../../Engine/Content/EditorMaterials/PreviewShadowIndicatorMaterial.uasset" 265
"../../../Engine/Content/EditorMaterials/MatineeGroups/MAT_ColorTrack.uasset" 266
"../../../Engine/Content/EditorMaterials/MatineeGroups/MAT_Groups_Anim.uasset" 267
"../../../Engine/Content/EditorMaterials/MatineeGroups/MAT_Groups_AudioMaster.uasset" 268
"../../../Engine/Content/EditorMaterials/MatineeGroups/MAT_Groups_Director.uasset" 269
"../../../Engine/Content/EditorMaterials/MatineeGroups/MAT_Groups_Event.uasset" 270
"../../../Engine/Content/EditorMaterials/MatineeGroups/MAT_Groups_Fade.uasset" 271
"../../../Engine/Content/EditorMaterials/MatineeGroups/MAT_Groups_Float.uasset" 272
"../../../Engine/Content/EditorMaterials/MatineeGroups/MAT_Groups_Move.uasset" 273
"../../../Engine/Content/EditorMaterials/MatineeGroups/MAT_Groups_Slomo.uasset" 274
"../../../Engine/Content/EditorMaterials/MatineeGroups/MAT_Groups_Sound.uasset" 275
"../../../Engine/Content/EditorMaterials/MatineeGroups/MAT_Groups_Vector.uasset" 276
"../../../Engine/Content/EditorMaterials/ParticleSystems/PSysThumbnail_NoImage.uasset" 277
"../../../Engine/Content/EditorMaterials/ParticleSystems/PSysThumbnail_OOD.uasset" 278
"../../../Engine/Content/EditorMaterials/Camera/CineMat.uasset" 279
"../../../Engine/Content/EditorMaterials/Camera/MI_CineMat_Rig.uasset" 280
"../../../Engine/Content/EditorMeshes/Camera/SM_CraneRig_Arm.uasset" 281
"../../../Engine/Content/EditorMeshes/Camera/SM_CraneRig_Base.uasset" 282
"../../../Engine/Content/EditorMeshes/Camera/SM_CraneRig_Body.uasset" 283
"../../../Engine/Content/EditorMeshes/Camera/SM_CraneRig_Mount.uasset" 284
"../../../Engine/Content/EditorMeshes/Camera/SM_RailRig_Mount.uasset" 285
"../../../Engine/Content/EditorMeshes/Camera/SM_RailRig_Track.uasset" 286
"../../../Engine/Content/EditorResources/BSPVertex.uasset" 287
"../../../Engine/Content/EditorResources/EmptyActor.uasset" 288
"../../../Engine/Content/EditorResources/S_Actor.uasset" 289
"../../../Engine/Content/EditorResources/S_Note.uasset" 290
"../../../Engine/Content/EditorResources/S_Solver.uasset" 291
"../../../Engine/Content/EditorResources/S_Trigger.uasset" 292
"../../../Engine/Content/EditorResources/AudioIcons/S_AudioComponent.uasset" 293
"../../../Engine/Content/EditorResources/AudioIcons/S_AudioComponent_AutoActivate.uasset" 294
"../../../Engine/Content/EditorResources/LightIcons/S_LightError.uasset" 295
"../../../Engine/Content/EditorResources/SequenceRecorder/Countdown.uasset" 296
"../../../Engine/Content/EditorResources/SequenceRecorder/RecordingIndicator.uasset" 297
"../../../Engine/Content/EditorSounds/Notifications/CompileFailed.uasset" 298
"../../../Engine/Content/EditorSounds/Notifications/CompileFailed_Cue.uasset" 299
"../../../Engine/Content/EditorSounds/Notifications/CompileSuccess.uasset" 300
"../../../Engine/Content/EditorSounds/Notifications/CompileStart_Cue.uasset" 301
"../../../Engine/Content/EditorSounds/Notifications/CompileSuccess_Cue.uasset" 302
"../../../Engine/Content/EngineDamageTypes/DmgTypeBP_Environmental.uasset" 303
"../../../Engine/Content/EngineDebugMaterials/DebugEditorMaterial.uasset" 304
"../../../Engine/Content/EngineDebugMaterials/DebugMeshMaterial.uasset" 305
"../../../Engine/Content/EngineDebugMaterials/M_SimpleUnlitTranslucent.uasset" 306
"../../../Engine/Content/Functions/Engine_MaterialFunctions02/Utility/CameraDirectionVector.uasset" 307
"../../../Engine/Content/EngineDebugMaterials/VolumeToRender.uasset" 308
"../../../Engine/Content/EngineDebugMaterials/M_VolumeRenderSphereTracePP.uasset" 309
"../../../Engine/Content/EngineDebugMaterials/WireframeMaterial.uasset" 310
"../../../Engine/Content/EngineFonts/Faces/DroidSansFallback.uasset" 311
"../../../Engine/Content/EngineFonts/Faces/RobotoBold.uasset" 312
"../../../Engine/Content/EngineFonts/Faces/RobotoBoldItalic.uasset" 313
"../../../Engine/Content/EngineFonts/Faces/RobotoItalic.uasset" 314
"../../../Engine/Content/EngineFonts/Faces/RobotoLight.uasset" 315
"../../../Engine/Content/EngineFonts/Faces/RobotoRegular.uasset" 316
"../../../Engine/Content/EngineFonts/Roboto.uasset" 317
"../../../Engine/Content/EngineMaterials/BaseFlattenDiffuseMap.uasset" 318
"../../../Engine/Content/EngineMaterials/BaseFlattenEmissiveMap.uasset" 319
"../../../Engine/Content/EngineMaterials/BaseFlattenGrayscaleMap.uasset" 320
"../../../Engine/Content/EngineMaterials/BaseFlattenNormalMap.uasset" 321
"../../../Engine/Content/EngineMaterials/BaseFlattenMaterial.uasset" 322
"../../../Engine/Content/EngineMaterials/BlueNoise.uasset" 323
"../../../Engine/Content/EngineMaterials/DefaultBloomKernel.uasset" 324
"../../../Engine/Content/EngineMaterials/DefaultBokeh.uasset" 325
"../../../Engine/Content/EngineMaterials/DefaultDiffuse.uasset" 326
"../../../Engine/Content/EngineMaterials/DefaultDeferredDecalMaterial.uasset" 327
"../../../Engine/Content/EngineMaterials/DefaultLightFunctionMaterial.uasset" 328
"../../../Engine/Content/EngineMaterials/DefaultPhysicalMaterial.uasset" 329
"../../../Engine/Content/Functions/Engine_MaterialFunctions02/Utility/BreakOutFloat2Components.uasset" 330
"../../../Engine/Content/EngineMaterials/DefaultPostProcessMaterial.uasset" 331
"../../../Engine/Content/EngineFonts/RobotoDistanceField.uasset" 332
"../../../Engine/Content/EngineMaterials/DefaultTextMaterialOpaque.uasset" 333
"../../../Engine/Content/EngineMaterials/DefaultWhiteGrid.uasset" 334
"../../../Engine/Content/EngineMaterials/DefaultWhiteGrid_Low.uasset" 335
"../../../Engine/Content/EngineMaterials/EmissiveMeshMaterial.uasset" 336
"../../../Engine/Content/EngineMaterials/GizmoMaterial.uasset" 337
"../../../Engine/Content/EngineMaterials/Good64x64TilingNoiseHighFreq.uasset" 338
"../../../Engine/Content/EngineMaterials/MiniFont.uasset" 339
"../../../Engine/Content/EngineMaterials/InvalidLightmapSettings.uasset" 340
"../../../Engine/Content/EngineMaterials/M_InvalidLightmapSettings.uasset" 341
"../../../Engine/Content/Functions/Engine_MaterialFunctions02/WorldPositionOffset/CameraOffset.uasset" 342
"../../../Engine/Content/EngineMaterials/PhAT_JointLimitMaterial.uasset" 343
"../../../Engine/Content/EngineMaterials/PreintegratedSkinBRDF.uasset" 344
"../../../Engine/Content/EngineMaterials/RemoveSurfaceMaterial.uasset" 345
"../../../Engine/Content/EngineMaterials/WeightMapPlaceholderTexture.uasset" 346
"../../../Engine/Content/EngineResources/WhiteSquareTexture.uasset" 347
"../../../Engine/Content/EngineMaterials/Widget3DPassThrough.uasset" 348
"../../../Engine/Content/EngineMaterials/Widget3DPassThrough_Masked.uasset" 349
"../../../Engine/Content/EngineMaterials/Widget3DPassThrough_Opaque.uasset" 350
"../../../Engine/Content/EngineMaterials/Widget3DPassThrough_Masked_OneSided.uasset" 351
"../../../Engine/Content/EngineMaterials/Widget3DPassThrough_Opaque_OneSided.uasset" 352
"../../../Engine/Content/EngineMaterials/Widget3DPassThrough_Translucent.uasset" 353
"../../../Engine/Content/EngineMaterials/Widget3DPassThrough_Translucent_OneSided.uasset" 354
"../../../Engine/Content/EngineMeshes/Cylinder.uasset" 355
"../../../Engine/Content/EngineMeshes/Sphere.uasset" 356
"../../../Engine/Content/EngineResources/Black.uasset" 357
"../../../Engine/Content/EngineResources/DefaultTexture.uasset" 358
"../../../Engine/Content/EngineResources/DefaultTextureCube.uasset" 359
"../../../Engine/Content/EngineResources/DefaultVolumeTexture2D.uasset" 360
"../../../Engine/Content/EngineResources/DefaultVolumeTexture.uasset" 361
"../../../Engine/Content/EngineResources/GradientTexture0.uasset" 362
"../../../Engine/Content/EngineSounds/Master.uasset" 363
"../../../Engine/Content/Functions/Engine_MaterialFunctions01/Shading/ConvertFromDiffSpec.uasset" 364
"../../../Engine/Content/Functions/Engine_MaterialFunctions01/Shading/PowerToRoughness.uasset" 365
"../../../Engine/Content/Maps/Templates/Thumbnails/Default.uasset" 366
"../../../Engine/Content/Maps/Templates/Thumbnails/TimeOfDay.uasset" 367
"../../../Engine/Content/Maps/Templates/Thumbnails/VR-Basic.uasset" 368
"../../../Engine/Content/MobileResources/T_MobileControls_texture.uasset" 369
"../../../Engine/Content/MobileResources/T_MobileMenu2.uasset" 370
"../../../Engine/Content/MobileResources/HUD/AnalogHat.uasset" 371
"../../../Engine/Content/MobileResources/HUD/VirtualJoystick_Background.uasset" 372
"../../../Engine/Content/MobileResources/HUD/VirtualJoystick_Thumb.uasset" 373
"../../../Engine/Content/MobileResources/HUD/DefaultVirtualJoysticks.uasset" 374
"../../../Engine/Content/MobileResources/HUD/LeftVirtualJoystickOnly.uasset" 375
"../../../Engine/Content/MobileResources/HUD/MobileHUDButton1_off.uasset" 376
"../../../Engine/Content/MobileResources/HUD/MobileHUDButton1_on.uasset" 377
"../../../Engine/Content/MobileResources/HUD/MobileHUDButton2_off.uasset" 378
"../../../Engine/Content/MobileResources/HUD/MobileHUDButton2_on.uasset" 379
"../../../Engine/Content/MobileResources/HUD/MobileHUDButton3.uasset" 380
"../../../Engine/Content/MobileResources/HUD/MobileHUDButtonFire.uasset" 381
"../../../Engine/Content/MobileResources/HUD/MobileHUDDirectionPad.uasset" 382
"../../../Engine/Content/MobileResources/HUD/MobileHUDDirectionPad2.uasset" 383
"../../../Engine/Content/MobileResources/HUD/MobileHUDDirectionPad3.uasset" 384
"../../../Engine/Content/MobileResources/HUD/MobileHUDDirectionStick.uasset" 385
"../../../Engine/Content/MobileResources/HUD/T_Castle_ThumbstickInner.uasset" 386
"../../../Engine/Content/MobileResources/HUD/T_Castle_ThumbstickOutter.uasset" 387
"../../../Engine/Content/Tutorial/ContentIntroCurve.uasset" 388
"../../../Engine/Content/Tutorial/Basics/LevelEditorAttract.uasset" 389
"../../../Engine/Content/Tutorial/Installation/InstallingVisualStudioTutorial.uasset" 390
"../../../Engine/Content/VREditor/Devices/Vive/UE4_Logo.uasset" 391
"../../../Engine/Content/VREditor/LaserPointer/VR_LaserPower_01.uasset" 392
"../../../Engine/Content/VREditor/TransformGizmo/TransformGizmoMaterial.uasset" 393
"../../../Engine/Content/VREditor/TransformGizmo/TranslucentTransformGizmoMaterial.uasset" 394
"../../../Engine/Content/VREditor/TransformGizmo/BoundingBoxCorner.uasset" 395
"../../../Engine/Content/VREditor/TransformGizmo/BoundingBoxEdge.uasset" 396
"../../../Engine/Content/VREditor/TransformGizmo/PlaneTranslationHandle.uasset" 397
"../../../Engine/Content/VREditor/TransformGizmo/Main.uasset" 398
"../../../Engine/Content/VREditor/TransformGizmo/Xray.uasset" 399
"../../../Engine/Content/VREditor/TransformGizmo/SM_Sequencer_Key.uasset" 400
"../../../Engine/Content/VREditor/TransformGizmo/SM_Sequencer_Node.uasset" 401
"../../Plugins/2D/Paper2D/Content/PlaceholderTextures/DummySpriteTexture.uasset" 402
"../../Plugins/2D/Paper2D/Content/DummySprite.uasset" 403
"../../Plugins/2D/Paper2D/Content/DefaultPaperTerrainMaterial.uasset" 404
"../../Plugins/2D/Paper2D/Content/DefaultSpriteMaterial.uasset" 405
"../../Plugins/2D/Paper2D/Content/MaskedUnlitSpriteMaterial.uasset" 406
"../../Plugins/2D/Paper2D/Content/OpaqueUnlitSpriteMaterial.uasset" 407
"../../Plugins/FX/Niagara/Content/Enums/ENiagaraBooleanLogicOps.uasset" 408
"../../Plugins/FX/Niagara/Content/Enums/ENiagaraCoordinateSpace.uasset" 409
"../../Plugins/FX/Niagara/Content/Enums/ENiagaraExpansionMode.uasset" 410
"../../Plugins/FX/Niagara/Content/Enums/ENiagaraOrientationAxis.uasset" 411
"../../Plugins/FX/Niagara/Content/Enums/ENiagaraRandomnessMode.uasset" 412
"../../../Engine/Content/Functions/Engine_MaterialFunctions02/Utility/BreakOutFloat4Components.uasset" 413
"../../../Engine/Content/Functions/Engine_MaterialFunctions02/Utility/MakeFloat2.uasset" 414
"../../../Engine/Content/Functions/Engine_MaterialFunctions02/Utility/MakeFloat3.uasset" 415
"../../Plugins/Runtime/Oculus/OculusVR/Content/Materials/OculusMR_ChromaKey.uasset" 416
"../../Plugins/Runtime/Oculus/OculusVR/Content/Materials/OculusMR_ChromaKey_Lit.uasset" 417
"../../Plugins/Runtime/Oculus/OculusVR/Content/Materials/OculusMR_OpaqueColoredMaterial.uasset" 418
"../../Plugins/Runtime/Oculus/OculusVR/Content/Materials/OculusMR_WhiteMaterial.uasset" 419
"../../../Engine/Content/EngineSky/C_Sky_Cloud_Color.uasset" 420
"../../../Engine/Content/EngineSky/C_Sky_Horizon_Color.uasset" 421
"../../../Engine/Content/EngineSky/C_Sky_Zenith_Color.uasset" 422
"../../../Engine/Content/EngineSky/T_Sky_Blue.uasset" 423
"../../../Engine/Content/EngineSky/T_Sky_Clouds_M.uasset" 424
"../../../Engine/Content/EngineSky/T_Sky_Stars.uasset" 425
"../../../Engine/Content/EngineSky/M_Sky_Panning_Clouds2.uasset" 426
"../../../Engine/Content/EngineSky/SM_SkySphere.uasset" 427
"../../../Engine/Content/EngineSky/BP_Sky_Sphere.uasset" 428
"../../../Engine/Content/MapTemplates/SM_Template_Map_Floor.uasset" 429
"../../../../../../ue4project/Port_FPS/Content/Maps/LobbyMap.umap" 430
"../../../../../../ue4project/Port_FPS/Content/Maps/MainMenuMap.umap" 431
"../../../Engine/Content/ArtTools/RenderToTexture/Blueprints/RenderToTexture_Game.uasset" 432
"../../../../../../ue4project/Port_FPS/Content/Maps/Test.umap" 433
"../../../Engine/Content/Functions/Engine_MaterialFunctions03/Procedurals/ComputeFilterWidth.uasset" 434
"../../../Engine/Content/EngineMaterials/AntiAliasedTextMaterialTranslucent.uasset" 435
"../../../../../../ue4project/Port_FPS/Content/FirstPerson/Meshes/CubeMaterialOverride.uasset" 436
"../../../../../../ue4project/Port_FPS/Content/Geometry/Meshes/CubeMaterial.uasset" 437
"../../../../../../ue4project/Port_FPS/Content/Geometry/Meshes/1M_Cube.uasset" 438
"../../../../../../ue4project/Port_FPS/Content/Maps/TestMap01.umap" 439
"../../../../../../ue4project/Port_FPS/Content/Maps/TestMap02.umap" 440
"../../../../../../ue4project/Port_FPS/Content/Maps/TravelMap.umap" 441
"../../../../../../ue4project/Port_FPS/Content/AnimStarterPack/Crouch_Idle_Rifle_Hip.uasset" 442
"../../../../../../ue4project/Port_FPS/Content/AnimStarterPack/Crouch_Idle_Rifle_Ironsights.uasset" 443
"../../../../../../ue4project/Port_FPS/Content/AnimStarterPack/Crouch_Walk_Fwd_Rifle_Ironsights.uasset" 444
"../../../../../../ue4project/Port_FPS/Content/AnimStarterPack/Equip_Pistol_Standing.uasset" 445
"../../../../../../ue4project/Port_FPS/Content/AnimStarterPack/Fire_Rifle_Ironsights.uasset" 446
"../../../../../../ue4project/Port_FPS/Content/AnimStarterPack/Hit_React_1.uasset" 447
"../../../../../../ue4project/Port_FPS/Content/AnimStarterPack/Hit_React_2.uasset" 448
"../../../../../../ue4project/Port_FPS/Content/AnimStarterPack/Hit_React_3.uasset" 449
"../../../../../../ue4project/Port_FPS/Content/AnimStarterPack/Idle_Rifle_Hip_Break1.uasset" 450
"../../../../../../ue4project/Port_FPS/Content/AnimStarterPack/Idle_Rifle_Hip_Break2.uasset" 451
"../../../../../../ue4project/Port_FPS/Content/AnimStarterPack/Reload_Rifle_Hip.uasset" 452
"../../../../../../ue4project/Port_FPS/Content/AnimStarterPack/Walk_Fwd_Rifle_Ironsights.uasset" 453
"../../../Engine/Content/TemplateResources/M_Template_Master.uasset" 454
"../../../Engine/Content/TemplateResources/MI_Template_BaseGray_03_Metal.uasset" 455
"../../../Engine/Content/Functions/MaterialLayerFunctions/MatLayerBlend_AO.uasset" 456
"../../../../../../ue4project/Port_FPS/Content/AnimStarterPack/UE4_Mannequin/Materials/MaterialLayers/T_ML_Rubber_Blue_01_D.uasset" 457
"../../../../../../ue4project/Port_FPS/Content/AnimStarterPack/UE4_Mannequin/Materials/MaterialLayers/T_ML_Rubber_Blue_01_N.uasset" 458
"../../../../../../ue4project/Port_FPS/Content/AnimStarterPack/UE4_Mannequin/Materials/MaterialLayers/ML_GlossyBlack_Latex_UE4.uasset" 459
"../../../../../../ue4project/Port_FPS/Content/AnimStarterPack/UE4_Mannequin/Materials/MaterialLayers/ML_Plastic_Shiny_Beige.uasset" 460
"../../../../../../ue4project/Port_FPS/Content/AnimStarterPack/UE4_Mannequin/Textures/UE4_LOGO_CARD.uasset" 461
"../../../../../../ue4project/Port_FPS/Content/AnimStarterPack/UE4_Mannequin/Materials/MaterialLayers/ML_Plastic_Shiny_Beige_LOGO.uasset" 462
"../../../../../../ue4project/Port_FPS/Content/AnimStarterPack/UE4_Mannequin/Materials/MaterialLayers/T_ML_Aluminum01.uasset" 463
"../../../../../../ue4project/Port_FPS/Content/AnimStarterPack/UE4_Mannequin/Materials/MaterialLayers/T_ML_Aluminum01_N.uasset" 464
"../../../../../../ue4project/Port_FPS/Content/AnimStarterPack/UE4_Mannequin/Materials/MaterialLayers/ML_SoftMetal_UE4.uasset" 465
"../../../../../../ue4project/Port_FPS/Content/AnimStarterPack/UE4_Mannequin/Textures/UE4_Mannequin__normals.uasset" 466
"../../../../../../ue4project/Port_FPS/Content/AnimStarterPack/UE4_Mannequin/Textures/UE4_Mannequin_MAT_MASKA.uasset" 467
"../../../../../../ue4project/Port_FPS/Content/AnimStarterPack/UE4_Mannequin/Textures/UE4_Mannequin_occlusion_Mobile.uasset" 468
"../../../../../../ue4project/Port_FPS/Content/AnimStarterPack/UE4_Mannequin/Materials/M_UE4Man_Body.uasset" 469
"../../../../../../ue4project/Port_FPS/Content/AnimStarterPack/UE4_Mannequin/Textures/UE4Man_Logo_N.uasset" 470
"../../../../../../ue4project/Port_FPS/Content/AnimStarterPack/UE4_Mannequin/Materials/M_UE4Man_ChestLogo.uasset" 471
"../../../../../../ue4project/Port_FPS/Content/AnimStarterPack/UE4_Mannequin/Mesh/SK_Mannequin_PhysicsAsset.uasset" 472
"../../../../../../ue4project/Port_FPS/Content/AnimStarterPack/UE4_Mannequin/Mesh/SK_Mannequin.uasset" 473
"../../../../../../ue4project/Port_FPS/Content/AnimStarterPack/Showcase.umap" 474
"../../../../../../ue4project/Port_FPS/Content/FirstPersonCPP/Maps/FirstPersonExampleMap_BuiltData.uasset" 475
"../../../../../../ue4project/Port_FPS/Content/FirstPersonCPP/Maps/FirstPersonExampleMap.umap" 476
"../../../../../../ue4project/Port_FPS/Content/StarterContent/Blueprints/Assets/FogBrightnessLUT.uasset" 477
"../../../../../../ue4project/Port_FPS/Content/StarterContent/Blueprints/Assets/SunlightColorLUT.uasset" 478
"../../../../../../ue4project/Port_FPS/Content/StarterContent/Blueprints/Assets/M_LightStage_Arrows.uasset" 479
"../../../Engine/Content/MapTemplates/Sky/DaylightAmbientCubemap.uasset" 480
"../../../../../../ue4project/Port_FPS/Content/StarterContent/Blueprints/Assets/M_LightStage_Skybox_Master.uasset" 481
"../../../../../../ue4project/Port_FPS/Content/StarterContent/Blueprints/Assets/M_LightStage_Skybox_Black.uasset" 482
"../../../../../../ue4project/Port_FPS/Content/StarterContent/Blueprints/Assets/M_LightStage_Skybox_HDRI.uasset" 483
"../../../Engine/Content/EditorMaterials/Thumbnails/SkySphereMaterial.uasset" 484
"../../../../../../ue4project/Port_FPS/Content/StarterContent/Blueprints/Assets/Skybox.uasset" 485
"../../../../../../ue4project/Port_FPS/Content/StarterContent/Blueprints/Assets/SM_Arrows.uasset" 486
"../../../../../../ue4project/Port_FPS/Content/StarterContent/HDRI/HDRI_Epic_Courtyard_Daylight.uasset" 487
"../../../../../../ue4project/Port_FPS/Content/StarterContent/Blueprints/BP_LightStudio.uasset" 488
"../../../../../../ue4project/Port_FPS/Content/StarterContent/Maps/Advanced_Lighting_BuiltData.uasset" 489
"../../../../../../ue4project/Port_FPS/Content/StarterContent/Materials/M_AssetPlatform.uasset" 490
"../../../Engine/Content/EditorMeshes/ColorCalibrator/M_ChromeBall.uasset" 491
"../../../Engine/Content/EditorMeshes/ColorCalibrator/M_ClearCoat.uasset" 492
"../../../Engine/Content/EditorMeshes/ColorCalibrator/M_ClearCoatBlack.uasset" 493
"../../../Engine/Content/EditorMeshes/ColorCalibrator/Color_checker.uasset" 494
"../../../Engine/Content/EditorMeshes/ColorCalibrator/M_ColorGrid.uasset" 495
"../../../Engine/Content/EditorMeshes/ColorCalibrator/M_GreyBall.uasset" 496
"../../../Engine/Content/EditorMeshes/ColorCalibrator/SM_ColorCalibrator.uasset" 497
"../../../../../../ue4project/Port_FPS/Content/StarterContent/Architecture/SM_AssetPlatform.uasset" 498
"../../../../../../ue4project/Port_FPS/Content/StarterContent/Maps/Advanced_Lighting.umap" 499
"../../../../../../ue4project/Port_FPS/Content/StarterContent/Maps/Minimal_Default_BuiltData.uasset" 500
"../../../../../../ue4project/Port_FPS/Content/StarterContent/Textures/T_MacroVariation.uasset" 501
"../../../../../../ue4project/Port_FPS/Content/StarterContent/Materials/M_Metal_Brushed_Nickel.uasset" 502
"../../../../../../ue4project/Port_FPS/Content/StarterContent/Textures/T_Metal_Aluminum_D.uasset" 503
"../../../../../../ue4project/Port_FPS/Content/StarterContent/Textures/T_Metal_Gold_N.uasset" 504
"../../../../../../ue4project/Port_FPS/Content/StarterContent/Materials/M_Metal_Burnished_Steel.uasset" 505
"../../../../../../ue4project/Port_FPS/Content/StarterContent/Textures/T_Metal_Copper_D.uasset" 506
"../../../../../../ue4project/Port_FPS/Content/StarterContent/Materials/M_Metal_Copper.uasset" 507
"../../../../../../ue4project/Port_FPS/Content/StarterContent/Textures/T_Statue_M.uasset" 508
"../../../../../../ue4project/Port_FPS/Content/StarterContent/Textures/T_Statue_N.uasset" 509
"../../../../../../ue4project/Port_FPS/Content/StarterContent/Props/Materials/M_StatueGlass.uasset" 510
"../../../../../../ue4project/Port_FPS/Content/StarterContent/Architecture/Floor_400x400.uasset" 511
"../../../../../../ue4project/Port_FPS/Content/StarterContent/Audio/Starter_Background_Cue.uasset" 512
"../../../../../../ue4project/Port_FPS/Content/StarterContent/Props/SM_Chair.uasset" 513
"../../../../../../ue4project/Port_FPS/Content/StarterContent/Props/Materials/M_Statue.uasset" 514
"../../../../../../ue4project/Port_FPS/Content/StarterContent/Props/SM_Statue.uasset" 515
"../../../../../../ue4project/Port_FPS/Content/StarterContent/Textures/T_TableRound_M.uasset" 516
"../../../../../../ue4project/Port_FPS/Content/StarterContent/Textures/T_TableRound_N.uasset" 517
"../../../../../../ue4project/Port_FPS/Content/StarterContent/Props/Materials/M_TableRound.uasset" 518
"../../../../../../ue4project/Port_FPS/Content/StarterContent/Props/SM_TableRound.uasset" 519
"../../../../../../ue4project/Port_FPS/Content/StarterContent/Maps/Minimal_Default.umap" 520
"../../../../../../ue4project/Port_FPS/Content/StarterContent/Audio/Fire01_Cue.uasset" 521
"../../../../../../ue4project/Port_FPS/Content/StarterContent/Textures/T_Fire_SubUV.uasset" 522
"../../../../../../ue4project/Port_FPS/Content/StarterContent/Textures/T_Fire_Tiled_D.uasset" 523
"../../../../../../ue4project/Port_FPS/Content/StarterContent/Particles/Materials/M_Fire_SubUV.uasset" 524
"../../../../../../ue4project/Port_FPS/Content/StarterContent/Textures/T_Water_N.uasset" 525
"../../../../../../ue4project/Port_FPS/Content/StarterContent/Particles/Materials/M_Heat_Distortion.uasset" 526
"../../../../../../ue4project/Port_FPS/Content/StarterContent/Particles/Materials/M_Radial_Gradient.uasset" 527
"../../../../../../ue4project/Port_FPS/Content/StarterContent/Particles/P_Fire.uasset" 528
"../../../../../../ue4project/Port_FPS/Content/StarterContent/Blueprints/Blueprint_Effect_Fire.uasset" 529
"../../../../../../ue4project/Port_FPS/Content/StarterContent/Audio/Smoke01_Cue.uasset" 530
"../../../../../../ue4project/Port_FPS/Content/StarterContent/Particles/P_Smoke.uasset" 531
"../../../../../../ue4project/Port_FPS/Content/StarterContent/Blueprints/Blueprint_Effect_Smoke.uasset" 532
"../../../../../../ue4project/Port_FPS/Content/StarterContent/Audio/Fire_Sparks01_Cue.uasset" 533
"../../../../../../ue4project/Port_FPS/Content/StarterContent/Textures/T_Spark_Core.uasset" 534
"../../../../../../ue4project/Port_FPS/Content/StarterContent/Particles/Materials/M_Spark.uasset" 535
"../../../../../../ue4project/Port_FPS/Content/StarterContent/Particles/P_Sparks.uasset" 536
"../../../../../../ue4project/Port_FPS/Content/StarterContent/Blueprints/Blueprint_Effect_Sparks.uasset" 537
"../../../../../../ue4project/Port_FPS/Content/StarterContent/Audio/Steam01_Cue.uasset" 538
"../../../../../../ue4project/Port_FPS/Content/StarterContent/Particles/P_Steam_Lit.uasset" 539
"../../../../../../ue4project/Port_FPS/Content/StarterContent/Blueprints/Blueprint_Effect_Steam.uasset" 540
"../../../../../../ue4project/Port_FPS/Content/StarterContent/Textures/T_Lamp_M.uasset" 541
"../../../../../../ue4project/Port_FPS/Content/StarterContent/Textures/T_Lamp_N.uasset" 542
"../../../../../../ue4project/Port_FPS/Content/StarterContent/Props/Materials/M_Lamp.uasset" 543
"../../../../../../ue4project/Port_FPS/Content/StarterContent/Props/SM_Lamp_Ceiling.uasset" 544
"../../../../../../ue4project/Port_FPS/Content/StarterContent/Blueprints/Blueprint_CeilingLight.uasset" 545
"../../../../../../ue4project/Port_FPS/Content/StarterContent/Props/SM_Lamp_Wall.uasset" 546
"../../../../../../ue4project/Port_FPS/Content/StarterContent/Blueprints/Blueprint_WallSconce.uasset" 547
"../../../../../../ue4project/Port_FPS/Content/StarterContent/Maps/StarterMap_BuiltData.uasset" 548
"../../../../../../ue4project/Port_FPS/Content/StarterContent/Textures/T_Brick_Clay_Beveled_D.uasset" 549
"../../../../../../ue4project/Port_FPS/Content/StarterContent/Textures/T_Brick_Clay_Beveled_M.uasset" 550
"../../../../../../ue4project/Port_FPS/Content/StarterContent/Textures/T_Brick_Clay_Beveled_N.uasset" 551
"../../../../../../ue4project/Port_FPS/Content/StarterContent/Materials/M_Brick_Clay_Beveled.uasset" 552
"../../../../../../ue4project/Port_FPS/Content/StarterContent/Textures/T_Brick_Clay_New_D.uasset" 553
"../../../../../../ue4project/Port_FPS/Content/StarterContent/Textures/T_Brick_Clay_New_M.uasset" 554
"../../../../../../ue4project/Port_FPS/Content/StarterContent/Textures/T_Brick_Clay_New_N.uasset" 555
"../../../../../../ue4project/Port_FPS/Content/StarterContent/Materials/M_Brick_Clay_New.uasset" 556
"../../../../../../ue4project/Port_FPS/Content/StarterContent/Textures/T_Brick_Clay_Old_D.uasset" 557
"../../../../../../ue4project/Port_FPS/Content/StarterContent/Textures/T_Brick_Clay_Old_N.uasset" 558
"../../../../../../ue4project/Port_FPS/Content/StarterContent/Textures/T_Perlin_Noise_M.uasset" 559
"../../../../../../ue4project/Port_FPS/Content/StarterContent/Materials/M_Brick_Clay_Old.uasset" 560
"../../../../../../ue4project/Port_FPS/Content/StarterContent/Textures/T_Brick_Cut_Stone_N.uasset" 561
"../../../../../../ue4project/Port_FPS/Content/StarterContent/Materials/M_Brick_Cut_Stone.uasset" 562
"../../../../../../ue4project/Port_FPS/Content/StarterContent/Textures/T_Brick_Hewn_Stone_D.uasset" 563
"../../../../../../ue4project/Port_FPS/Content/StarterContent/Textures/T_Brick_Hewn_Stone_M.uasset" 564
"../../../../../../ue4project/Port_FPS/Content/StarterContent/Textures/T_Brick_Hewn_Stone_N.uasset" 565
"../../../../../../ue4project/Port_FPS/Content/StarterContent/Materials/M_Brick_Hewn_Stone.uasset" 566
"../../../../../../ue4project/Port_FPS/Content/StarterContent/Textures/T_Ceramic_Tile_M.uasset" 567
"../../../../../../ue4project/Port_FPS/Content/StarterContent/Textures/T_Ceramic_Tile_N.uasset" 568
"../../../../../../ue4project/Port_FPS/Content/StarterContent/Textures/T_Rock_Marble_Polished_D.uasset" 569
"../../../../../../ue4project/Port_FPS/Content/StarterContent/Materials/M_Ceramic_Tile_Checker.uasset" 570
"../../../../../../ue4project/Port_FPS/Content/StarterContent/Textures/T_CobbleStone_Pebble_D.uasset" 571
"../../../../../../ue4project/Port_FPS/Content/StarterContent/Textures/T_CobbleStone_Pebble_M.uasset" 572
"../../../../../../ue4project/Port_FPS/Content/StarterContent/Textures/T_CobbleStone_Pebble_N.uasset" 573
"../../../../../../ue4project/Port_FPS/Content/StarterContent/Materials/M_CobbleStone_Pebble.uasset" 574
"../../../../../../ue4project/Port_FPS/Content/StarterContent/Textures/T_CobbleStone_Rough_D.uasset" 575
"../../../../../../ue4project/Port_FPS/Content/StarterContent/Textures/T_CobbleStone_Rough_N.uasset" 576
"../../../../../../ue4project/Port_FPS/Content/StarterContent/Textures/T_Gradinet_01.uasset" 577
"../../../../../../ue4project/Port_FPS/Content/StarterContent/Textures/T_Rock_Smooth_Granite_D.uasset" 578
"../../../../../../ue4project/Port_FPS/Content/StarterContent/Materials/M_CobbleStone_Rough.uasset" 579
"../../../../../../ue4project/Port_FPS/Content/StarterContent/Textures/T_CobbleStone_Smooth_D.uasset" 580
"../../../../../../ue4project/Port_FPS/Content/StarterContent/Textures/T_CobbleStone_Smooth_M.uasset" 581
"../../../../../../ue4project/Port_FPS/Content/StarterContent/Textures/T_CobbleStone_Smooth_N.uasset" 582
"../../../../../../ue4project/Port_FPS/Content/StarterContent/Materials/M_CobbleStone_Smooth.uasset" 583
"../../../../../../ue4project/Port_FPS/Content/StarterContent/Textures/T_Concrete_Grime_D.uasset" 584
"../../../../../../ue4project/Port_FPS/Content/StarterContent/Textures/T_Metal_Rust_N.uasset" 585
"../../../../../../ue4project/Port_FPS/Content/StarterContent/Materials/M_Concrete_Grime.uasset" 586
"../../../../../../ue4project/Port_FPS/Content/StarterContent/Textures/T_Concrete_Panels_D.uasset" 587
"../../../../../../ue4project/Port_FPS/Content/StarterContent/Textures/T_Concrete_Panels_N.uasset" 588
"../../../../../../ue4project/Port_FPS/Content/StarterContent/Materials/M_Concrete_Panels.uasset" 589
"../../../../../../ue4project/Port_FPS/Content/StarterContent/Textures/T_Concrete_Poured_D.uasset" 590
"../../../../../../ue4project/Port_FPS/Content/StarterContent/Textures/T_Concrete_Poured_N.uasset" 591
"../../../../../../ue4project/Port_FPS/Content/StarterContent/Materials/M_Concrete_Poured.uasset" 592
"../../../../../../ue4project/Port_FPS/Content/StarterContent/Textures/T_Concrete_Tiles_D.uasset" 593
"../../../../../../ue4project/Port_FPS/Content/StarterContent/Textures/T_Concrete_Tiles_M.uasset" 594
"../../../../../../ue4project/Port_FPS/Content/StarterContent/Textures/T_Concrete_Tiles_N.uasset" 595
"../../../../../../ue4project/Port_FPS/Content/StarterContent/Textures/T_Concrete_Tiles_Variation_M.uasset" 596
"../../../../../../ue4project/Port_FPS/Content/StarterContent/Materials/M_Concrete_Tiles.uasset" 597
"../../../../../../ue4project/Port_FPS/Content/StarterContent/Textures/T_Ground_Grass_D.uasset" 598
"../../../../../../ue4project/Port_FPS/Content/StarterContent/Textures/T_Ground_Grass_N.uasset" 599
"../../../../../../ue4project/Port_FPS/Content/StarterContent/Materials/M_Ground_Grass.uasset" 600
"../../../../../../ue4project/Port_FPS/Content/StarterContent/Textures/T_Ground_Gravel_D.uasset" 601
"../../../../../../ue4project/Port_FPS/Content/StarterContent/Textures/T_Ground_Gravel_N.uasset" 602
"../../../../../../ue4project/Port_FPS/Content/StarterContent/Materials/M_Ground_Gravel.uasset" 603
"../../../../../../ue4project/Port_FPS/Content/StarterContent/Textures/T_ground_Moss_D.uasset" 604
"../../../../../../ue4project/Port_FPS/Content/StarterContent/Textures/T_Ground_Moss_N.uasset" 605
"../../../../../../ue4project/Port_FPS/Content/StarterContent/Materials/M_Ground_Moss.uasset" 606
"../../../../../../ue4project/Port_FPS/Content/StarterContent/Materials/M_Metal_Chrome.uasset" 607
"../../../../../../ue4project/Port_FPS/Content/StarterContent/Textures/T_Metal_Gold_D.uasset" 608
"../../../../../../ue4project/Port_FPS/Content/StarterContent/Materials/M_Metal_Gold.uasset" 609
"../../../../../../ue4project/Port_FPS/Content/StarterContent/Textures/T_Metal_Rust_D.uasset" 610
"../../../../../../ue4project/Port_FPS/Content/StarterContent/Materials/M_Metal_Rust.uasset" 611
"../../../../../../ue4project/Port_FPS/Content/StarterContent/Textures/T_Metal_Steel_D.uasset" 612
"../../../../../../ue4project/Port_FPS/Content/StarterContent/Textures/T_Metal_Steel_N.uasset" 613
"../../../../../../ue4project/Port_FPS/Content/StarterContent/Materials/M_Metal_Steel.uasset" 614
"../../../../../../ue4project/Port_FPS/Content/StarterContent/Textures/T_Rock_Basalt_N.uasset" 615
"../../../../../../ue4project/Port_FPS/Content/StarterContent/Materials/M_Rock_Basalt.uasset" 616
"../../../../../../ue4project/Port_FPS/Content/StarterContent/Materials/M_Rock_Marble_Polished.uasset" 617
"../../../../../../ue4project/Port_FPS/Content/StarterContent/Textures/T_Rock_Sandstone_D.uasset" 618
"../../../../../../ue4project/Port_FPS/Content/StarterContent/Textures/T_Rock_Sandstone_N.uasset" 619
"../../../../../../ue4project/Port_FPS/Content/StarterContent/Materials/M_Rock_Sandstone.uasset" 620
"../../../../../../ue4project/Port_FPS/Content/StarterContent/Textures/T_Rock_Slate_D.uasset" 621
"../../../../../../ue4project/Port_FPS/Content/StarterContent/Textures/T_Rock_Slate_N.uasset" 622
"../../../../../../ue4project/Port_FPS/Content/StarterContent/Materials/M_Rock_Slate.uasset" 623
"../../../../../../ue4project/Port_FPS/Content/StarterContent/Textures/T_Checker_Noise_M.uasset" 624
"../../../../../../ue4project/Port_FPS/Content/StarterContent/Textures/T_Single_Tile_N.uasset" 625
"../../../../../../ue4project/Port_FPS/Content/StarterContent/Textures/T_Tech_Dot_M.uasset" 626
"../../../../../../ue4project/Port_FPS/Content/StarterContent/Textures/T_Tech_Dot_N.uasset" 627
"../../../../../../ue4project/Port_FPS/Content/StarterContent/Materials/M_Tech_Checker_Dot.uasset" 628
"../../../../../../ue4project/Port_FPS/Content/StarterContent/Textures/T_Tech_Hex_Tile_M.uasset" 629
"../../../../../../ue4project/Port_FPS/Content/StarterContent/Textures/T_Tech_Hex_Tile_N.uasset" 630
"../../../../../../ue4project/Port_FPS/Content/StarterContent/Materials/M_Tech_Hex_Tile.uasset" 631
"../../../../../../ue4project/Port_FPS/Content/StarterContent/Materials/M_Tech_Hex_Tile_Pulse.uasset" 632
"../../../../../../ue4project/Port_FPS/Content/StarterContent/Textures/T_Tech_Panel_M.uasset" 633
"../../../../../../ue4project/Port_FPS/Content/StarterContent/Textures/T_Tech_Panel_N.uasset" 634
"../../../../../../ue4project/Port_FPS/Content/StarterContent/Materials/M_Tech_Panel.uasset" 635
"../../../../../../ue4project/Port_FPS/Content/StarterContent/Materials/M_Water_Lake.uasset" 636
"../../../../../../ue4project/Port_FPS/Content/StarterContent/Textures/T_Water_M.uasset" 637
"../../../../../../ue4project/Port_FPS/Content/StarterContent/Materials/M_Water_Ocean.uasset" 638
"../../../../../../ue4project/Port_FPS/Content/StarterContent/Textures/T_Wood_Floor_Walnut_D.uasset" 639
"../../../../../../ue4project/Port_FPS/Content/StarterContent/Textures/T_Wood_Floor_Walnut_M.uasset" 640
"../../../../../../ue4project/Port_FPS/Content/StarterContent/Textures/T_Wood_Floor_Walnut_N.uasset" 641
"../../../../../../ue4project/Port_FPS/Content/StarterContent/Materials/M_Wood_Floor_Walnut_Polished.uasset" 642
"../../../Engine/Content/Functions/Engine_MaterialFunctions01/Opacity/AlphaOffset.uasset" 643
"../../../../../../ue4project/Port_FPS/Content/StarterContent/Materials/M_Wood_Floor_Walnut_Worn.uasset" 644
"../../../../../../ue4project/Port_FPS/Content/StarterContent/Textures/T_Wood_Oak_N.uasset" 645
"../../../../../../ue4project/Port_FPS/Content/StarterContent/Materials/M_Wood_Oak.uasset" 646
"../../../../../../ue4project/Port_FPS/Content/StarterContent/Textures/T_Wood_Pine_D.uasset" 647
"../../../../../../ue4project/Port_FPS/Content/StarterContent/Textures/T_Wood_Pine_N.uasset" 648
"../../../../../../ue4project/Port_FPS/Content/StarterContent/Materials/M_Wood_Pine.uasset" 649
"../../../../../../ue4project/Port_FPS/Content/StarterContent/Textures/T_Wood_Walnut_D.uasset" 650
"../../../../../../ue4project/Port_FPS/Content/StarterContent/Textures/T_Wood_Walnut_N.uasset" 651
"../../../../../../ue4project/Port_FPS/Content/StarterContent/Materials/M_Wood_Walnut.uasset" 652
"../../../../../../ue4project/Port_FPS/Content/StarterContent/Architecture/Wall_400x200.uasset" 653
"../../../../../../ue4project/Port_FPS/Content/StarterContent/Architecture/Wall_Door_400x300.uasset" 654
"../../../../../../ue4project/Port_FPS/Content/StarterContent/Architecture/Wall_Window_400x300.uasset" 655
"../../../../../../ue4project/Port_FPS/Content/StarterContent/Audio/Collapse_Cue.uasset" 656
"../../../../../../ue4project/Port_FPS/Content/StarterContent/Audio/Starter_Music_Cue.uasset" 657
"../../../../../../ue4project/Port_FPS/Content/StarterContent/Textures/T_Dust_Particle_D.uasset" 658
"../../../../../../ue4project/Port_FPS/Content/StarterContent/Particles/Materials/M_Dust_Particle.uasset" 659
"../../../../../../ue4project/Port_FPS/Content/StarterContent/Particles/P_Ambient_Dust.uasset" 660
"../../../../../../ue4project/Port_FPS/Content/StarterContent/Props/MaterialSphere.uasset" 661
"../../../../../../ue4project/Port_FPS/Content/StarterContent/Textures/T_Frame_M.uasset" 662
"../../../../../../ue4project/Port_FPS/Content/StarterContent/Textures/T_Frame_N.uasset" 663
"../../../../../../ue4project/Port_FPS/Content/StarterContent/Props/Materials/M_Frame.uasset" 664
"../../../../../../ue4project/Port_FPS/Content/StarterContent/Props/SM_CornerFrame.uasset" 665
"../../../../../../ue4project/Port_FPS/Content/StarterContent/Props/SM_DoorFrame.uasset" 666
"../../../../../../ue4project/Port_FPS/Content/StarterContent/Props/SM_GlassWindow.uasset" 667
"../../../../../../ue4project/Port_FPS/Content/StarterContent/Props/SM_PillarFrame.uasset" 668
"../../../../../../ue4project/Port_FPS/Content/StarterContent/Props/SM_PillarFrame300.uasset" 669
"../../../../../../ue4project/Port_FPS/Content/StarterContent/Props/SM_WindowFrame.uasset" 670
"../../../../../../ue4project/Port_FPS/Content/StarterContent/Shapes/Shape_Cube.uasset" 671
"../../../../../../ue4project/Port_FPS/Content/StarterContent/Shapes/Shape_QuadPyramid.uasset" 672
"../../../../../../ue4project/Port_FPS/Content/StarterContent/Shapes/Shape_Sphere.uasset" 673
"../../../../../../ue4project/Port_FPS/Content/StarterContent/Maps/StarterMap.umap" 674
"../../../../../../ue4project/Port_FPS/Content/ThirdPersonBP/Maps/ThirdPersonExampleMap_BuiltData.uasset" 675
"../../../../../../ue4project/Port_FPS/Content/Geometry/Meshes/1M_Cube_Chamfer.uasset" 676
"../../../../../../ue4project/Port_FPS/Content/Geometry/Meshes/TemplateFloor.uasset" 677
"../../../../../../ue4project/Port_FPS/Content/ThirdPerson/Meshes/RampMaterial.uasset" 678
"../../../../../../ue4project/Port_FPS/Content/ThirdPerson/Meshes/Bump_StaticMesh.uasset" 679
"../../../../../../ue4project/Port_FPS/Content/ThirdPerson/Meshes/LeftArm_StaticMesh.uasset" 680
"../../../../../../ue4project/Port_FPS/Content/ThirdPerson/Meshes/Linear_Stair_StaticMesh.uasset" 681
"../../../../../../ue4project/Port_FPS/Content/ThirdPerson/Meshes/Ramp_StaticMesh.uasset" 682
"../../../../../../ue4project/Port_FPS/Content/ThirdPerson/Meshes/RightArm_StaticMesh.uasset" 683
"../../../../../../ue4project/Port_FPS/Content/ThirdPersonBP/Maps/ThirdPersonExampleMap.umap" 684
